c:\users\wanioch\documents\github\scharnhorst\scharnhorst_client\debug\scharnhorst_client.pch
c:\users\wanioch\documents\github\scharnhorst\scharnhorst_client\debug\vc141.pdb
c:\users\wanioch\documents\github\scharnhorst\scharnhorst_client\debug\vc141.idb
c:\users\wanioch\documents\github\scharnhorst\scharnhorst_client\debug\pch.obj
c:\users\wanioch\documents\github\scharnhorst\scharnhorst_client\debug\turret.obj
c:\users\wanioch\documents\github\scharnhorst\scharnhorst_client\debug\ship.obj
c:\users\wanioch\documents\github\scharnhorst\scharnhorst_client\debug\scharnhorst_client.obj
c:\users\wanioch\documents\github\scharnhorst\scharnhorst_client\debug\player.obj
c:\users\wanioch\documents\github\scharnhorst\scharnhorst_client\debug\physical.obj
c:\users\wanioch\documents\github\scharnhorst\scharnhorst_client\debug\movable.obj
c:\users\wanioch\documents\github\scharnhorst\scharnhorst_client\debug\localgame.obj
c:\users\wanioch\documents\github\scharnhorst\scharnhorst_client\debug\hitbox.obj
c:\users\wanioch\documents\github\scharnhorst\scharnhorst_client\debug\functions.obj
c:\users\wanioch\documents\github\scharnhorst\scharnhorst_client\debug\camera.obj
c:\users\wanioch\documents\github\scharnhorst\scharnhorst_client\debug\bullet.obj
c:\users\wanioch\documents\github\scharnhorst\debug\scharnhorst_client.pdb
c:\users\wanioch\documents\github\scharnhorst\scharnhorst_client\debug\scharnho.78227124.tlog\cl.command.1.tlog
c:\users\wanioch\documents\github\scharnhorst\scharnhorst_client\debug\scharnho.78227124.tlog\cl.read.1.tlog
c:\users\wanioch\documents\github\scharnhorst\scharnhorst_client\debug\scharnho.78227124.tlog\cl.write.1.tlog
c:\users\wanioch\documents\github\scharnhorst\scharnhorst_client\debug\scharnho.78227124.tlog\link-cvtres.read.1.tlog
c:\users\wanioch\documents\github\scharnhorst\scharnhorst_client\debug\scharnho.78227124.tlog\link-cvtres.write.1.tlog
c:\users\wanioch\documents\github\scharnhorst\scharnhorst_client\debug\scharnho.78227124.tlog\link-rc.read.1.tlog
c:\users\wanioch\documents\github\scharnhorst\scharnhorst_client\debug\scharnho.78227124.tlog\link-rc.write.1.tlog
c:\users\wanioch\documents\github\scharnhorst\scharnhorst_client\debug\scharnho.78227124.tlog\link.4696-cvtres.read.1.tlog
c:\users\wanioch\documents\github\scharnhorst\scharnhorst_client\debug\scharnho.78227124.tlog\link.4696-cvtres.write.1.tlog
c:\users\wanioch\documents\github\scharnhorst\scharnhorst_client\debug\scharnho.78227124.tlog\link.4696-rc.read.1.tlog
c:\users\wanioch\documents\github\scharnhorst\scharnhorst_client\debug\scharnho.78227124.tlog\link.4696-rc.write.1.tlog
c:\users\wanioch\documents\github\scharnhorst\scharnhorst_client\debug\scharnho.78227124.tlog\link.4696.read.1.tlog
c:\users\wanioch\documents\github\scharnhorst\scharnhorst_client\debug\scharnho.78227124.tlog\link.4696.write.1.tlog
c:\users\wanioch\documents\github\scharnhorst\scharnhorst_client\debug\scharnho.78227124.tlog\link.command.1.tlog
c:\users\wanioch\documents\github\scharnhorst\scharnhorst_client\debug\scharnho.78227124.tlog\link.read.1.tlog
c:\users\wanioch\documents\github\scharnhorst\scharnhorst_client\debug\scharnho.78227124.tlog\link.write.1.tlog
